TN:
SF:src/License.sol
FN:8,License.
FNDA:3,License.
FN:10,License.mint
FNDA:18,License.mint
DA:11,18
FNF:2
FNH:2
LF:1
LH:1
BRF:0
BRH:0
end_of_record
TN:
SF:src/RewardToken.sol
FN:8,RewardToken.
FNDA:3,RewardToken.
FN:10,RewardToken.mint
FNDA:3,RewardToken.mint
DA:11,3
FNF:2
FNH:2
LF:1
LH:1
BRF:0
BRH:0
end_of_record
TN:
SF:src/Validator.sol
FN:34,ValidatorContract.
FNDA:3,ValidatorContract.
DA:35,3
DA:36,3
DA:37,3
DA:38,3
DA:39,3
FN:42,ValidatorContract.currentEpoch
FNDA:2,ValidatorContract.currentEpoch
DA:43,5
FN:46,ValidatorContract.lockLicense
FNDA:4,ValidatorContract.lockLicense
DA:47,4
BRDA:47,0,0,1
BRDA:47,0,1,3
DA:49,3
DA:51,3
DA:52,3
DA:53,3
DA:56,3
BRDA:56,1,0,3
DA:57,3
DA:58,3
DA:61,3
DA:63,3
FN:66,ValidatorContract.unlockLicense
FNDA:3,ValidatorContract.unlockLicense
DA:67,3
DA:68,3
BRDA:68,2,0,1
BRDA:68,2,1,2
DA:69,2
BRDA:69,3,0,1
BRDA:69,3,1,1
DA:71,1
DA:73,1
DA:75,1
DA:77,1
DA:79,1
FN:82,ValidatorContract.claimRewards
FNDA:1,ValidatorContract.claimRewards
DA:83,1
DA:84,1
BRDA:84,4,0,-
BRDA:84,4,1,1
DA:86,1
DA:87,1
DA:89,1
DA:91,1
FN:94,ValidatorContract.epochEnd
FNDA:2,ValidatorContract.epochEnd
DA:95,2
BRDA:95,5,0,1
BRDA:95,5,1,1
DA:96,1
DA:98,1
DA:99,1
DA:101,1
FN:104,ValidatorContract.distributeRewards
FNDA:1,ValidatorContract.distributeRewards
DA:105,1
DA:106,1
BRDA:106,6,0,1
DA:107,1
DA:108,1
DA:109,1
DA:110,1
DA:111,1
DA:113,1
BRDA:113,7,0,1
DA:114,1
DA:115,1
DA:116,1
DA:117,1
DA:118,1
DA:119,1
FN:125,ValidatorContract.isLicenseLocked
FNDA:2,ValidatorContract.isLicenseLocked
DA:126,2
DA:127,2
DA:128,1
BRDA:128,8,0,1
DA:129,1
DA:132,1
FN:135,ValidatorContract.removeLockedLicense
FNDA:1,ValidatorContract.removeLockedLicense
DA:136,1
DA:137,1
DA:138,1
DA:139,1
BRDA:139,9,0,1
DA:140,1
DA:141,1
DA:142,1
FNF:9
FNH:9
LF:61
LH:61
BRF:15
BRH:14
end_of_record
